
Compiling cpp/task-3...
========================================
Running cpp/task-3...
========================================

Solutia gasita nu reprezinta o asezare corecta a damelor.	Running cpp/task-3...
========================================

Solutia gasita nu reprezinta o asezare corecta a damelor.	Running cpp/task-3...
========================================

Solutia gasita nu reprezinta o asezare corecta a damelor.	Running cpp/task-3...
========================================

Solutia gasita nu reprezinta o asezare corecta a damelor.	Running cpp/task-3...
========================================

Solutia gasita nu reprezinta o asezare corecta a damelor.	Running cpp/task-3...
========================================

Solutia gasita nu reprezinta o asezare corecta a damelor.	Running cpp/task-3...
========================================

Solutia gasita nu reprezinta o asezare corecta a damelor.	Running cpp/task-3...
========================================

Solutia gasita nu reprezinta o asezare corecta a damelor.	Running cpp/task-3...
========================================

Solutia gasita nu reprezinta o asezare corecta a damelor.	Running cpp/task-3...
./check.sh: line 16: 21026 Alarm clock: 14         perl -e 'alarm shift; exec @ARGV' "$@"
========================================
